d:\개발\shop_cpp\client\client\x64\debug\vc143.pdb
d:\개발\shop_cpp\client\client\x64\debug\vc143.idb
d:\개발\shop_cpp\client\client\x64\debug\qrc_serverconnect.obj
d:\개발\shop_cpp\client\client\x64\debug\serverconnect.obj
d:\개발\shop_cpp\client\client\x64\debug\main.obj
d:\개발\shop_cpp\client\client\x64\debug\signup.obj
d:\개발\shop_cpp\client\client\x64\debug\login.obj
d:\개발\shop_cpp\client\client\x64\debug\moc_serverconnect.obj
d:\개발\shop_cpp\client\client\x64\debug\moc_signup.obj
d:\개발\shop_cpp\client\client\x64\debug\moc_login.obj
d:\개발\shop_cpp\client\client\x64\debug\mainmenu.obj
d:\개발\shop_cpp\client\client\x64\debug\moc_mainmenu.obj
d:\개발\shop_cpp\client\client\x64\debug\qt\uic\ui_serverconnect.h
d:\개발\shop_cpp\client\client\x64\debug\qt\rcc\qrc_serverconnect.cpp
d:\개발\shop_cpp\client\client\x64\debug\qt\moc\moc_serverconnect.cpp
d:\개발\shop_cpp\client\client\x64\debug\qt\moc\moc_login.cpp
d:\개발\shop_cpp\client\client\x64\debug\qt\moc\moc_signup.cpp
d:\개발\shop_cpp\client\client\x64\debug\qt\uic\ui_login.h
d:\개발\shop_cpp\client\client\x64\debug\qt\uic\ui_signup.h
d:\개발\shop_cpp\client\client\x64\debug\qt\uic\ui_mainmenu.h
d:\개발\shop_cpp\client\client\x64\debug\qt\moc\moc_mainmenu.cpp
d:\개발\shop_cpp\client\x64\debug\client.exe
d:\개발\shop_cpp\client\x64\debug\client.pdb
d:\개발\shop_cpp\client\client\x64\debug\client.ilk
d:\개발\shop_cpp\client\client\x64\debug\client.tlog\cl.command.1.tlog
d:\개발\shop_cpp\client\client\x64\debug\client.tlog\cl.items.tlog
d:\개발\shop_cpp\client\client\x64\debug\client.tlog\cl.read.1.tlog
d:\개발\shop_cpp\client\client\x64\debug\client.tlog\cl.write.1.tlog
d:\개발\shop_cpp\client\client\x64\debug\client.tlog\client.write.1u.tlog
d:\개발\shop_cpp\client\client\x64\debug\client.tlog\link.command.1.tlog
d:\개발\shop_cpp\client\client\x64\debug\client.tlog\link.read.1.tlog
d:\개발\shop_cpp\client\client\x64\debug\client.tlog\link.secondary.1.tlog
d:\개발\shop_cpp\client\client\x64\debug\client.tlog\link.write.1.tlog
d:\개발\shop_cpp\client\client\x64\debug\client.tlog\moc.read.1u.tlog
d:\개발\shop_cpp\client\client\x64\debug\client.tlog\moc.write.1u.tlog
d:\개발\shop_cpp\client\client\x64\debug\client.tlog\rcc.read.1u.tlog
d:\개발\shop_cpp\client\client\x64\debug\client.tlog\rcc.write.1u.tlog
d:\개발\shop_cpp\client\client\x64\debug\client.tlog\uic.read.1u.tlog
d:\개발\shop_cpp\client\client\x64\debug\client.tlog\uic.write.1u.tlog
